[0.093s] Invoking command in '/home/auto/detection_node_cpp/build/detection_node_cpp': CMAKE_PREFIX_PATH=${CMAKE_PREFIX_PATH}:/home/auto/ros2_ws/install/position_detection:/home/auto/ros2_ws/install/detection_node /usr/bin/cmake /home/auto/detection_node_cpp -DCMAKE_INSTALL_PREFIX=/home/auto/detection_node_cpp/install/detection_node_cpp
[0.344s] -- The C compiler identification is GNU 9.4.0
[0.572s] -- The CXX compiler identification is GNU 9.4.0
[0.590s] -- Check for working C compiler: /usr/bin/cc
[0.882s] -- Check for working C compiler: /usr/bin/cc -- works
[0.885s] -- Detecting C compiler ABI info
[1.186s] -- Detecting C compiler ABI info - done
[1.230s] -- Detecting C compile features
[1.231s] -- Detecting C compile features - done
[1.239s] -- Check for working CXX compiler: /usr/bin/c++
[1.572s] -- Check for working CXX compiler: /usr/bin/c++ -- works
[1.575s] -- Detecting CXX compiler ABI info
[1.909s] -- Detecting CXX compiler ABI info - done
[1.957s] -- Detecting CXX compile features
[1.959s] -- Detecting CXX compile features - done
[1.971s] -- Found ament_cmake: 0.9.11 (/opt/ros/foxy/share/ament_cmake/cmake)
[2.077s] -- Found PythonInterp: /usr/bin/python3 (found suitable version "3.8.10", minimum required is "3") 
[2.077s] -- Using PYTHON_EXECUTABLE: /usr/bin/python3
[2.999s] -- Found rclcpp: 2.4.2 (/opt/ros/foxy/share/rclcpp/cmake)
[3.194s] -- Using all available rosidl_typesupport_c: rosidl_typesupport_fastrtps_c;rosidl_typesupport_introspection_c
[3.231s] -- Found rosidl_adapter: 1.3.0 (/opt/ros/foxy/share/rosidl_adapter/cmake)
[3.610s] -- Found OpenSSL: /usr/lib/aarch64-linux-gnu/libcrypto.so (found version "1.1.1f")  
[3.713s] -- Found FastRTPS: /opt/ros/foxy/include  
[3.998s] -- Using all available rosidl_typesupport_cpp: rosidl_typesupport_fastrtps_cpp;rosidl_typesupport_introspection_cpp
[4.213s] -- Found rmw_implementation_cmake: 1.0.4 (/opt/ros/foxy/share/rmw_implementation_cmake/cmake)
[4.219s] -- Using RMW implementation 'rmw_fastrtps_cpp' as default
[4.222s] -- Looking for pthread.h
[4.529s] -- Looking for pthread.h - found
[4.531s] -- Performing Test CMAKE_HAVE_LIBC_PTHREAD
[4.851s] -- Performing Test CMAKE_HAVE_LIBC_PTHREAD - Failed
[4.852s] -- Looking for pthread_create in pthreads
[5.122s] -- Looking for pthread_create in pthreads - not found
[5.123s] -- Looking for pthread_create in pthread
[5.433s] -- Looking for pthread_create in pthread - found
[5.438s] -- Found Threads: TRUE  
[5.965s] -- Found sensor_msgs: 2.0.5 (/opt/ros/foxy/share/sensor_msgs/cmake)
[6.313s] -- Found cv_bridge: 3.0.7 (/opt/ros/foxy/share/cv_bridge/cmake)
[6.379s] -- Found pcl_conversions: 2.2.1 (/opt/ros/foxy/share/pcl_conversions/cmake)
[6.848s] -- Found OpenCV: /usr (found version "4.5.4") 
[6.976s] -- Found ament_lint_auto: 0.9.8 (/opt/ros/foxy/share/ament_lint_auto/cmake)
[7.277s] -- Added test 'copyright' to check source files copyright and LICENSE
[7.299s] -- Added test 'cppcheck' to perform static code analysis on C / C++ code
[7.299s] -- Configured cppcheck include dirs: 
[7.299s] -- Configured cppcheck exclude dirs and/or files: 
[7.320s] -- Added test 'cpplint' to check C / C++ code against the Google style
[7.321s] -- Configured cpplint exclude dirs and/or files: 
[7.330s] -- Added test 'lint_cmake' to check CMake code style
[7.355s] -- Added test 'uncrustify' to check C / C++ code style
[7.355s] -- Configured uncrustify additional arguments: 
[7.359s] -- Added test 'xmllint' to check XML markup files
[7.378s] -- Configuring done
[7.381s] CMake Error at CMakeLists.txt:26 (add_executable):
[7.382s]   Cannot find source file:
[7.382s] 
[7.382s]     src/my_file.cpp
[7.383s] 
[7.383s]   Tried extensions .c .C .c++ .cc .cpp .cxx .cu .m .M .mm .h .hh .h++ .hm
[7.383s]   .hpp .hxx .in .txx
[7.383s] 
[7.384s] 
[7.388s] CMake Error at CMakeLists.txt:26 (add_executable):
[7.388s]   No SOURCES given to target: my_node
[7.388s] 
[7.388s] 
[7.389s] CMake Generate step failed.  Build files cannot be regenerated correctly.
[7.420s] Invoked command in '/home/auto/detection_node_cpp/build/detection_node_cpp' returned '1': CMAKE_PREFIX_PATH=${CMAKE_PREFIX_PATH}:/home/auto/ros2_ws/install/position_detection:/home/auto/ros2_ws/install/detection_node /usr/bin/cmake /home/auto/detection_node_cpp -DCMAKE_INSTALL_PREFIX=/home/auto/detection_node_cpp/install/detection_node_cpp
