[1.425s] [34mcolcon[0m [1;30mDEBUG[0m [32mCommand line arguments: ['/usr/bin/colcon', 'build'][0m
[1.425s] [34mcolcon[0m [1;30mDEBUG[0m [32mParsed command line arguments: Namespace(ament_cmake_args=None, base_paths=['.'], build_base='build', catkin_cmake_args=None, catkin_skip_building_tests=False, cmake_args=None, cmake_clean_cache=False, cmake_clean_first=False, cmake_force_configure=False, cmake_target=None, cmake_target_skip_unavailable=False, continue_on_error=False, event_handlers=None, executor='parallel', ignore_user_meta=False, install_base='install', log_base=None, log_level=None, main=<bound method BuildVerb.main of <colcon_core.verb.build.BuildVerb object at 0xffffa86bcac0>>, merge_install=False, metas=['./colcon.meta'], packages_above=None, packages_above_and_dependencies=None, packages_above_depth=None, packages_end=None, packages_ignore=None, packages_ignore_regex=None, packages_select=None, packages_select_build_failed=False, packages_select_by_dep=None, packages_select_regex=None, packages_select_test_failures=False, packages_skip=None, packages_skip_build_finished=False, packages_skip_by_dep=None, packages_skip_regex=None, packages_skip_test_passed=False, packages_skip_up_to=None, packages_start=None, packages_up_to=None, packages_up_to_regex=None, parallel_workers=8, paths=None, symlink_install=False, test_result_base=None, verb_extension=<colcon_core.verb.build.BuildVerb object at 0xffffa86bcac0>, verb_name='build', verb_parser=<colcon_defaults.argument_parser.defaults.DefaultArgumentsDecorator object at 0xffffa86bcfa0>)[0m
[1.515s] [34mcolcon.colcon_core.package_discovery[0m [1;30mLevel 1[0m discover_packages(colcon_meta) check parameters
[1.516s] [34mcolcon.colcon_core.package_discovery[0m [1;30mLevel 1[0m discover_packages(recursive) check parameters
[1.516s] [34mcolcon.colcon_core.package_discovery[0m [1;30mLevel 1[0m discover_packages(ignore) check parameters
[1.516s] [34mcolcon.colcon_core.package_discovery[0m [1;30mLevel 1[0m discover_packages(path) check parameters
[1.516s] [34mcolcon.colcon_core.package_discovery[0m [1;30mLevel 1[0m discover_packages(colcon_meta) discover
[1.516s] [34mcolcon.colcon_core.package_discovery[0m [1;30mLevel 1[0m discover_packages(recursive) discover
[1.516s] [34mcolcon.colcon_core.package_discovery[0m [1;30mINFO[0m Crawling recursively for packages in '/home/auto/detection_node_cpp'
[1.517s] [34mcolcon.colcon_core.package_identification[0m [1;30mLevel 1[0m _identify(.) by extensions ['ignore', 'ignore_ament_install']
[1.517s] [34mcolcon.colcon_core.package_identification[0m [1;30mLevel 1[0m _identify(.) by extension 'ignore'
[1.517s] [34mcolcon.colcon_core.package_identification[0m [1;30mLevel 1[0m _identify(.) by extension 'ignore_ament_install'
[1.518s] [34mcolcon.colcon_core.package_identification[0m [1;30mLevel 1[0m _identify(.) by extensions ['colcon_pkg']
[1.518s] [34mcolcon.colcon_core.package_identification[0m [1;30mLevel 1[0m _identify(.) by extension 'colcon_pkg'
[1.518s] [34mcolcon.colcon_core.package_identification[0m [1;30mLevel 1[0m _identify(.) by extensions ['colcon_meta']
[1.518s] [34mcolcon.colcon_core.package_identification[0m [1;30mLevel 1[0m _identify(.) by extension 'colcon_meta'
[1.518s] [34mcolcon.colcon_core.package_identification[0m [1;30mLevel 1[0m _identify(.) by extensions ['ros']
[1.518s] [34mcolcon.colcon_core.package_identification[0m [1;30mLevel 1[0m _identify(.) by extension 'ros'
[1.563s] [34mcolcon.colcon_core.package_identification[0m [1;30mDEBUG[0m [32mPackage '.' with type 'ros.ament_cmake' and name 'detection_node_cpp'[0m
[1.564s] [34mcolcon.colcon_core.package_discovery[0m [1;30mLevel 1[0m discover_packages(recursive) using defaults
[1.564s] [34mcolcon.colcon_core.package_discovery[0m [1;30mLevel 1[0m discover_packages(ignore) discover
[1.564s] [34mcolcon.colcon_core.package_discovery[0m [1;30mLevel 1[0m discover_packages(ignore) using defaults
[1.564s] [34mcolcon.colcon_core.package_discovery[0m [1;30mLevel 1[0m discover_packages(path) discover
[1.564s] [34mcolcon.colcon_core.package_discovery[0m [1;30mLevel 1[0m discover_packages(path) using defaults
[1.643s] [34mcolcon.colcon_core.verb[0m [1;30mLevel 5[0m set package 'detection_node_cpp' build argument 'cmake_args' from command line to 'None'
[1.643s] [34mcolcon.colcon_core.verb[0m [1;30mLevel 5[0m set package 'detection_node_cpp' build argument 'cmake_target' from command line to 'None'
[1.643s] [34mcolcon.colcon_core.verb[0m [1;30mLevel 5[0m set package 'detection_node_cpp' build argument 'cmake_target_skip_unavailable' from command line to 'False'
[1.644s] [34mcolcon.colcon_core.verb[0m [1;30mLevel 5[0m set package 'detection_node_cpp' build argument 'cmake_clean_cache' from command line to 'False'
[1.644s] [34mcolcon.colcon_core.verb[0m [1;30mLevel 5[0m set package 'detection_node_cpp' build argument 'cmake_clean_first' from command line to 'False'
[1.644s] [34mcolcon.colcon_core.verb[0m [1;30mLevel 5[0m set package 'detection_node_cpp' build argument 'cmake_force_configure' from command line to 'False'
[1.644s] [34mcolcon.colcon_core.verb[0m [1;30mLevel 5[0m set package 'detection_node_cpp' build argument 'ament_cmake_args' from command line to 'None'
[1.644s] [34mcolcon.colcon_core.verb[0m [1;30mLevel 5[0m set package 'detection_node_cpp' build argument 'catkin_cmake_args' from command line to 'None'
[1.644s] [34mcolcon.colcon_core.verb[0m [1;30mLevel 5[0m set package 'detection_node_cpp' build argument 'catkin_skip_building_tests' from command line to 'False'
[1.644s] [34mcolcon.colcon_core.verb[0m [1;30mDEBUG[0m [32mBuilding package 'detection_node_cpp' with the following arguments: {'ament_cmake_args': None, 'build_base': '/home/auto/detection_node_cpp/build/detection_node_cpp', 'catkin_cmake_args': None, 'catkin_skip_building_tests': False, 'cmake_args': None, 'cmake_clean_cache': False, 'cmake_clean_first': False, 'cmake_force_configure': False, 'cmake_target': None, 'cmake_target_skip_unavailable': False, 'install_base': '/home/auto/detection_node_cpp/install/detection_node_cpp', 'merge_install': False, 'path': '/home/auto/detection_node_cpp', 'symlink_install': False, 'test_result_base': None}[0m
[1.649s] [34mcolcon.colcon_core.executor[0m [1;30mINFO[0m Executing jobs using 'parallel' executor
[1.671s] [34mcolcon.colcon_parallel_executor.executor.parallel[0m [1;30mDEBUG[0m [32mrun_until_complete[0m
[1.673s] [34mcolcon.colcon_ros.task.ament_cmake.build[0m [1;30mINFO[0m Building ROS package in '/home/auto/detection_node_cpp' with build type 'ament_cmake'
[1.673s] [34mcolcon.colcon_cmake.task.cmake.build[0m [1;30mINFO[0m Building CMake package in '/home/auto/detection_node_cpp'
[1.694s] [34mcolcon.colcon_core.plugin_system[0m [1;30mINFO[0m Skipping extension 'colcon_core.shell.bat': Not used on non-Windows systems
[1.695s] [34mcolcon.colcon_core.shell[0m [1;30mINFO[0m Skip shell extension 'powershell' for command environment: Not usable outside of PowerShell
[1.695s] [34mcolcon.colcon_core.shell[0m [1;30mDEBUG[0m [32mSkip shell extension 'dsv' for command environment[0m
[1.764s] [34mcolcon.colcon_core.event_handler.log_command[0m [1;30mDEBUG[0m [32mInvoking command in '/home/auto/detection_node_cpp/build/detection_node_cpp': CMAKE_PREFIX_PATH=${CMAKE_PREFIX_PATH}:/home/auto/ros2_ws/install/position_detection:/home/auto/ros2_ws/install/detection_node /usr/bin/cmake /home/auto/detection_node_cpp -DCMAKE_INSTALL_PREFIX=/home/auto/detection_node_cpp/install/detection_node_cpp[0m
[5.179s] [34mcolcon.colcon_core.event_handler.log_command[0m [1;30mDEBUG[0m [32mInvoked command in '/home/auto/detection_node_cpp/build/detection_node_cpp' returned '1': CMAKE_PREFIX_PATH=${CMAKE_PREFIX_PATH}:/home/auto/ros2_ws/install/position_detection:/home/auto/ros2_ws/install/detection_node /usr/bin/cmake /home/auto/detection_node_cpp -DCMAKE_INSTALL_PREFIX=/home/auto/detection_node_cpp/install/detection_node_cpp[0m
[5.242s] [34mcolcon.colcon_core.environment[0m [1;30mLevel 1[0m create_environment_scripts_only(detection_node_cpp)
[5.282s] [34mcolcon.colcon_core.environment[0m [1;30mLevel 1[0m checking '/home/auto/detection_node_cpp/install/detection_node_cpp' for CMake module files
[5.284s] [34mcolcon.colcon_core.environment[0m [1;30mLevel 1[0m checking '/home/auto/detection_node_cpp/install/detection_node_cpp' for CMake config files
[5.286s] [34mcolcon.colcon_core.environment[0m [1;30mLevel 1[0m checking '/home/auto/detection_node_cpp/install/detection_node_cpp/bin'
[5.287s] [34mcolcon.colcon_core.environment[0m [1;30mLevel 1[0m checking '/home/auto/detection_node_cpp/install/detection_node_cpp/lib/pkgconfig/detection_node_cpp.pc'
[5.289s] [34mcolcon.colcon_core.environment[0m [1;30mLevel 1[0m checking '/home/auto/detection_node_cpp/install/detection_node_cpp/lib/python3.8/site-packages'
[5.290s] [34mcolcon.colcon_core.environment[0m [1;30mLevel 1[0m checking '/home/auto/detection_node_cpp/install/detection_node_cpp/bin'
[5.301s] [34mcolcon.colcon_core.shell[0m [1;30mINFO[0m Creating package script '/home/auto/detection_node_cpp/install/detection_node_cpp/share/detection_node_cpp/package.ps1'
[5.305s] [34mcolcon.colcon_core.shell[0m [1;30mINFO[0m Creating package descriptor '/home/auto/detection_node_cpp/install/detection_node_cpp/share/detection_node_cpp/package.dsv'
[5.306s] [34mcolcon.colcon_core.shell[0m [1;30mINFO[0m Creating package script '/home/auto/detection_node_cpp/install/detection_node_cpp/share/detection_node_cpp/package.sh'
[5.308s] [34mcolcon.colcon_core.shell[0m [1;30mINFO[0m Creating package script '/home/auto/detection_node_cpp/install/detection_node_cpp/share/detection_node_cpp/package.bash'
[5.311s] [34mcolcon.colcon_core.shell[0m [1;30mINFO[0m Creating package script '/home/auto/detection_node_cpp/install/detection_node_cpp/share/detection_node_cpp/package.zsh'
[5.313s] [34mcolcon.colcon_core.environment[0m [1;30mLevel 1[0m create_file_with_runtime_dependencies(/home/auto/detection_node_cpp/install/detection_node_cpp/share/colcon-core/packages/detection_node_cpp)
[5.325s] [34mcolcon.colcon_parallel_executor.executor.parallel[0m [1;30mDEBUG[0m [32mclosing loop[0m
[5.326s] [34mcolcon.colcon_parallel_executor.executor.parallel[0m [1;30mDEBUG[0m [32mloop closed[0m
[5.326s] [34mcolcon.colcon_parallel_executor.executor.parallel[0m [1;30mDEBUG[0m [32mrun_until_complete finished with '1'[0m
[5.327s] [34mcolcon.colcon_core.event_reactor[0m [1;30mDEBUG[0m [32mjoining thread[0m
[5.346s] [34mcolcon.colcon_core.plugin_system[0m [1;30mINFO[0m Skipping extension 'colcon_notification.desktop_notification.terminal_notifier': Not used on non-Darwin systems
[5.347s] [34mcolcon.colcon_core.plugin_system[0m [1;30mINFO[0m Skipping extension 'colcon_notification.desktop_notification.win32': Not used on non-Windows systems
[5.347s] [34mcolcon.colcon_notification.desktop_notification[0m [1;30mINFO[0m Sending desktop notification using 'notify2'
[5.433s] [34mcolcon.colcon_core.event_reactor[0m [1;30mDEBUG[0m [32mjoined thread[0m
[5.444s] [34mcolcon.colcon_core.shell[0m [1;30mINFO[0m Creating prefix script '/home/auto/detection_node_cpp/install/local_setup.ps1'
[5.448s] [34mcolcon.colcon_core.shell[0m [1;30mINFO[0m Creating prefix util module '/home/auto/detection_node_cpp/install/_local_setup_util_ps1.py'
[5.452s] [34mcolcon.colcon_core.shell[0m [1;30mINFO[0m Creating prefix chain script '/home/auto/detection_node_cpp/install/setup.ps1'
[5.461s] [34mcolcon.colcon_core.shell[0m [1;30mINFO[0m Creating prefix script '/home/auto/detection_node_cpp/install/local_setup.sh'
[5.464s] [34mcolcon.colcon_core.shell[0m [1;30mINFO[0m Creating prefix util module '/home/auto/detection_node_cpp/install/_local_setup_util_sh.py'
[5.466s] [34mcolcon.colcon_core.shell[0m [1;30mINFO[0m Creating prefix chain script '/home/auto/detection_node_cpp/install/setup.sh'
[5.474s] [34mcolcon.colcon_core.shell[0m [1;30mINFO[0m Creating prefix script '/home/auto/detection_node_cpp/install/local_setup.bash'
[5.476s] [34mcolcon.colcon_core.shell[0m [1;30mINFO[0m Creating prefix chain script '/home/auto/detection_node_cpp/install/setup.bash'
[5.485s] [34mcolcon.colcon_core.shell[0m [1;30mINFO[0m Creating prefix script '/home/auto/detection_node_cpp/install/local_setup.zsh'
[5.490s] [34mcolcon.colcon_core.shell[0m [1;30mINFO[0m Creating prefix chain script '/home/auto/detection_node_cpp/install/setup.zsh'
