[0.100s] Invoking command in '/home/auto/detection_node_cpp/build/detection_node_cpp': CMAKE_PREFIX_PATH=${CMAKE_PREFIX_PATH}:/home/auto/ros2_ws/install/position_detection:/home/auto/ros2_ws/install/detection_node /usr/bin/cmake /home/auto/detection_node_cpp -DCMAKE_INSTALL_PREFIX=/home/auto/detection_node_cpp/install/detection_node_cpp
[0.154s] -- Found ament_cmake: 0.9.11 (/opt/ros/foxy/share/ament_cmake/cmake)
[0.242s] -- Using PYTHON_EXECUTABLE: /usr/bin/python3
[1.065s] -- Found rclcpp: 2.4.2 (/opt/ros/foxy/share/rclcpp/cmake)
[1.178s] -- Using all available rosidl_typesupport_c: rosidl_typesupport_fastrtps_c;rosidl_typesupport_introspection_c
[1.188s] -- Found rosidl_adapter: 1.3.0 (/opt/ros/foxy/share/rosidl_adapter/cmake)
[1.593s] -- Using all available rosidl_typesupport_cpp: rosidl_typesupport_fastrtps_cpp;rosidl_typesupport_introspection_cpp
[1.750s] -- Found rmw_implementation_cmake: 1.0.4 (/opt/ros/foxy/share/rmw_implementation_cmake/cmake)
[1.756s] -- Using RMW implementation 'rmw_fastrtps_cpp' as default
[2.184s] -- Found sensor_msgs: 2.0.5 (/opt/ros/foxy/share/sensor_msgs/cmake)
[2.507s] -- Found cv_bridge: 3.0.7 (/opt/ros/foxy/share/cv_bridge/cmake)
[2.552s] -- Found pcl_conversions: 2.2.1 (/opt/ros/foxy/share/pcl_conversions/cmake)
[3.115s] -- Found ament_lint_auto: 0.9.8 (/opt/ros/foxy/share/ament_lint_auto/cmake)
[3.345s] -- Added test 'copyright' to check source files copyright and LICENSE
[3.379s] -- Added test 'cppcheck' to perform static code analysis on C / C++ code
[3.380s] -- Configured cppcheck include dirs: 
[3.380s] -- Configured cppcheck exclude dirs and/or files: 
[3.413s] -- Added test 'cpplint' to check C / C++ code against the Google style
[3.414s] -- Configured cpplint exclude dirs and/or files: 
[3.419s] -- Added test 'flake8' to check Python code syntax and style conventions
[3.428s] -- Added test 'lint_cmake' to check CMake code style
[3.433s] -- Added test 'pep257' to check Python code against some of the style conventions in PEP 257
[3.466s] -- Added test 'uncrustify' to check C / C++ code style
[3.467s] -- Configured uncrustify additional arguments: 
[3.471s] -- Added test 'xmllint' to check XML markup files
[3.485s] -- Configuring done
[3.581s] -- Generating done
[3.587s] -- Build files have been written to: /home/auto/detection_node_cpp/build/detection_node_cpp
[3.614s] Invoked command in '/home/auto/detection_node_cpp/build/detection_node_cpp' returned '0': CMAKE_PREFIX_PATH=${CMAKE_PREFIX_PATH}:/home/auto/ros2_ws/install/position_detection:/home/auto/ros2_ws/install/detection_node /usr/bin/cmake /home/auto/detection_node_cpp -DCMAKE_INSTALL_PREFIX=/home/auto/detection_node_cpp/install/detection_node_cpp
[3.623s] Invoking command in '/home/auto/detection_node_cpp/build/detection_node_cpp': CMAKE_PREFIX_PATH=${CMAKE_PREFIX_PATH}:/home/auto/ros2_ws/install/position_detection:/home/auto/ros2_ws/install/detection_node /usr/bin/cmake --build /home/auto/detection_node_cpp/build/detection_node_cpp -- -j8 -l8
[3.803s] [35m[1mScanning dependencies of target detection_node_cpp[0m
[4.046s] [ 50%] [32mBuilding CXX object CMakeFiles/detection_node_cpp.dir/src/detection_node_cpp.cpp.o[0m
[4.088s] [01m[K/home/auto/detection_node_cpp/src/detection_node_cpp.cpp:1:10:[m[K [01;31m[Kfatal error: [m[Kros/ros.h: No such file or directory
[4.088s]     1 | #include [01;31m[K<ros/ros.h>[m[K
[4.089s]       |          [01;31m[K^~~~~~~~~~~[m[K
[4.089s] compilation terminated.
[4.094s] make[2]: *** [CMakeFiles/detection_node_cpp.dir/build.make:63: CMakeFiles/detection_node_cpp.dir/src/detection_node_cpp.cpp.o] Error 1
[4.096s] make[1]: *** [CMakeFiles/Makefile2:105: CMakeFiles/detection_node_cpp.dir/all] Error 2
[4.097s] make: *** [Makefile:141: all] Error 2
[4.108s] Invoked command in '/home/auto/detection_node_cpp/build/detection_node_cpp' returned '2': CMAKE_PREFIX_PATH=${CMAKE_PREFIX_PATH}:/home/auto/ros2_ws/install/position_detection:/home/auto/ros2_ws/install/detection_node /usr/bin/cmake --build /home/auto/detection_node_cpp/build/detection_node_cpp -- -j8 -l8
