[35m[1mScanning dependencies of target detection_node_cpp[0m
[ 50%] [32mBuilding CXX object CMakeFiles/detection_node_cpp.dir/src/detection_node_cpp.cpp.o[0m
[100%] [32m[1mLinking CXX executable detection_node_cpp[0m
[100%] Built target detection_node_cpp
-- Install configuration: ""
-- Installing: /home/auto/detection_node_cpp/install/detection_node_cpp/lib/detection_node_cpp/detection_node_cpp
-- Set runtime path of "/home/auto/detection_node_cpp/install/detection_node_cpp/lib/detection_node_cpp/detection_node_cpp" to ""
-- Up-to-date: /home/auto/detection_node_cpp/install/detection_node_cpp/share/ament_index/resource_index/package_run_dependencies/detection_node_cpp
-- Up-to-date: /home/auto/detection_node_cpp/install/detection_node_cpp/share/ament_index/resource_index/parent_prefix_path/detection_node_cpp
-- Up-to-date: /home/auto/detection_node_cpp/install/detection_node_cpp/share/detection_node_cpp/environment/ament_prefix_path.sh
-- Up-to-date: /home/auto/detection_node_cpp/install/detection_node_cpp/share/detection_node_cpp/environment/ament_prefix_path.dsv
-- Up-to-date: /home/auto/detection_node_cpp/install/detection_node_cpp/share/detection_node_cpp/environment/path.sh
-- Up-to-date: /home/auto/detection_node_cpp/install/detection_node_cpp/share/detection_node_cpp/environment/path.dsv
-- Up-to-date: /home/auto/detection_node_cpp/install/detection_node_cpp/share/detection_node_cpp/local_setup.bash
-- Up-to-date: /home/auto/detection_node_cpp/install/detection_node_cpp/share/detection_node_cpp/local_setup.sh
-- Up-to-date: /home/auto/detection_node_cpp/install/detection_node_cpp/share/detection_node_cpp/local_setup.zsh
-- Up-to-date: /home/auto/detection_node_cpp/install/detection_node_cpp/share/detection_node_cpp/local_setup.dsv
-- Installing: /home/auto/detection_node_cpp/install/detection_node_cpp/share/detection_node_cpp/package.dsv
-- Up-to-date: /home/auto/detection_node_cpp/install/detection_node_cpp/share/ament_index/resource_index/packages/detection_node_cpp
-- Up-to-date: /home/auto/detection_node_cpp/install/detection_node_cpp/share/detection_node_cpp/cmake/detection_node_cppConfig.cmake
-- Up-to-date: /home/auto/detection_node_cpp/install/detection_node_cpp/share/detection_node_cpp/cmake/detection_node_cppConfig-version.cmake
-- Up-to-date: /home/auto/detection_node_cpp/install/detection_node_cpp/share/detection_node_cpp/package.xml
