[35m[1mScanning dependencies of target detection_node_cpp[0m
[ 50%] [32mBuilding CXX object CMakeFiles/detection_node_cpp.dir/src/detection_node_cpp.cpp.o[0m
In file included from [01m[K/home/auto/detection_node_cpp/src/detection_node_cpp.cpp:11[m[K:
[01m[K/opt/ros/foxy/include/image_transport/image_transport.h:41:89:[m[K [01;36m[Knote: [m[K#pragma message: Warning: This header is deprecated. Use 'image_transport.hpp' instead
   41 | #pragma message ("Warning: This header is deprecated. Use 'image_transport.hpp' instead"[01;36m[K)[m[K
      |                                                                                         [01;36m[K^[m[K
[100%] [32m[1mLinking CXX executable detection_node_cpp[0m
/usr/bin/ld: warning: libopencv_imgproc.so.4.2, needed by /opt/ros/foxy/lib/libcv_bridge.so, may conflict with libopencv_imgproc.so.4.5
[100%] Built target detection_node_cpp
-- Install configuration: ""
-- Installing: /home/auto/detection_node_cpp/install/detection_node_cpp/lib/detection_node_cpp/detection_node_cpp
-- Set runtime path of "/home/auto/detection_node_cpp/install/detection_node_cpp/lib/detection_node_cpp/detection_node_cpp" to ""
-- Installing: /home/auto/detection_node_cpp/install/detection_node_cpp/share/ament_index/resource_index/package_run_dependencies/detection_node_cpp
-- Installing: /home/auto/detection_node_cpp/install/detection_node_cpp/share/ament_index/resource_index/parent_prefix_path/detection_node_cpp
-- Installing: /home/auto/detection_node_cpp/install/detection_node_cpp/share/detection_node_cpp/environment/ament_prefix_path.sh
-- Installing: /home/auto/detection_node_cpp/install/detection_node_cpp/share/detection_node_cpp/environment/ament_prefix_path.dsv
-- Installing: /home/auto/detection_node_cpp/install/detection_node_cpp/share/detection_node_cpp/environment/path.sh
-- Installing: /home/auto/detection_node_cpp/install/detection_node_cpp/share/detection_node_cpp/environment/path.dsv
-- Installing: /home/auto/detection_node_cpp/install/detection_node_cpp/share/detection_node_cpp/local_setup.bash
-- Installing: /home/auto/detection_node_cpp/install/detection_node_cpp/share/detection_node_cpp/local_setup.sh
-- Installing: /home/auto/detection_node_cpp/install/detection_node_cpp/share/detection_node_cpp/local_setup.zsh
-- Installing: /home/auto/detection_node_cpp/install/detection_node_cpp/share/detection_node_cpp/local_setup.dsv
-- Installing: /home/auto/detection_node_cpp/install/detection_node_cpp/share/detection_node_cpp/package.dsv
-- Installing: /home/auto/detection_node_cpp/install/detection_node_cpp/share/ament_index/resource_index/packages/detection_node_cpp
-- Installing: /home/auto/detection_node_cpp/install/detection_node_cpp/share/detection_node_cpp/cmake/detection_node_cppConfig.cmake
-- Installing: /home/auto/detection_node_cpp/install/detection_node_cpp/share/detection_node_cpp/cmake/detection_node_cppConfig-version.cmake
-- Installing: /home/auto/detection_node_cpp/install/detection_node_cpp/share/detection_node_cpp/package.xml
