[0.101s] Invoking command in '/home/auto/detection_node_cpp/build/detection_node_cpp': CMAKE_PREFIX_PATH=${CMAKE_PREFIX_PATH}:/home/auto/ros2_ws/install/position_detection:/home/auto/ros2_ws/install/detection_node /usr/bin/cmake --build /home/auto/detection_node_cpp/build/detection_node_cpp -- -j8 -l8
[0.291s] [35m[1mScanning dependencies of target detection_node_cpp[0m
[0.681s] [ 50%] [32mBuilding CXX object CMakeFiles/detection_node_cpp.dir/src/detection_node_cpp.cpp.o[0m
[18.260s] In file included from [01m[K/home/auto/detection_node_cpp/src/detection_node_cpp.cpp:11[m[K:
[18.260s] [01m[K/opt/ros/foxy/include/image_transport/image_transport.h:41:89:[m[K [01;36m[Knote: [m[K#pragma message: Warning: This header is deprecated. Use 'image_transport.hpp' instead
[18.260s]    41 | #pragma message ("Warning: This header is deprecated. Use 'image_transport.hpp' instead"[01;36m[K)[m[K
[18.261s]       |                                                                                         [01;36m[K^[m[K
[40.533s] [100%] [32m[1mLinking CXX executable detection_node_cpp[0m
[44.096s] /usr/bin/ld: warning: libopencv_imgproc.so.4.2, needed by /opt/ros/foxy/lib/libcv_bridge.so, may conflict with libopencv_imgproc.so.4.5
[44.145s] [100%] Built target detection_node_cpp
[44.196s] Invoked command in '/home/auto/detection_node_cpp/build/detection_node_cpp' returned '0': CMAKE_PREFIX_PATH=${CMAKE_PREFIX_PATH}:/home/auto/ros2_ws/install/position_detection:/home/auto/ros2_ws/install/detection_node /usr/bin/cmake --build /home/auto/detection_node_cpp/build/detection_node_cpp -- -j8 -l8
[44.368s] Invoking command in '/home/auto/detection_node_cpp/build/detection_node_cpp': CMAKE_PREFIX_PATH=${CMAKE_PREFIX_PATH}:/home/auto/ros2_ws/install/position_detection:/home/auto/ros2_ws/install/detection_node /usr/bin/cmake --install /home/auto/detection_node_cpp/build/detection_node_cpp
[44.404s] -- Install configuration: ""
[44.405s] -- Installing: /home/auto/detection_node_cpp/install/detection_node_cpp/lib/detection_node_cpp/detection_node_cpp
[44.434s] -- Set runtime path of "/home/auto/detection_node_cpp/install/detection_node_cpp/lib/detection_node_cpp/detection_node_cpp" to ""
[44.434s] -- Installing: /home/auto/detection_node_cpp/install/detection_node_cpp/share/ament_index/resource_index/package_run_dependencies/detection_node_cpp
[44.436s] -- Installing: /home/auto/detection_node_cpp/install/detection_node_cpp/share/ament_index/resource_index/parent_prefix_path/detection_node_cpp
[44.436s] -- Installing: /home/auto/detection_node_cpp/install/detection_node_cpp/share/detection_node_cpp/environment/ament_prefix_path.sh
[44.437s] -- Installing: /home/auto/detection_node_cpp/install/detection_node_cpp/share/detection_node_cpp/environment/ament_prefix_path.dsv
[44.438s] -- Installing: /home/auto/detection_node_cpp/install/detection_node_cpp/share/detection_node_cpp/environment/path.sh
[44.438s] -- Installing: /home/auto/detection_node_cpp/install/detection_node_cpp/share/detection_node_cpp/environment/path.dsv
[44.439s] -- Installing: /home/auto/detection_node_cpp/install/detection_node_cpp/share/detection_node_cpp/local_setup.bash
[44.440s] -- Installing: /home/auto/detection_node_cpp/install/detection_node_cpp/share/detection_node_cpp/local_setup.sh
[44.440s] -- Installing: /home/auto/detection_node_cpp/install/detection_node_cpp/share/detection_node_cpp/local_setup.zsh
[44.441s] -- Installing: /home/auto/detection_node_cpp/install/detection_node_cpp/share/detection_node_cpp/local_setup.dsv
[44.442s] -- Installing: /home/auto/detection_node_cpp/install/detection_node_cpp/share/detection_node_cpp/package.dsv
[44.443s] -- Installing: /home/auto/detection_node_cpp/install/detection_node_cpp/share/ament_index/resource_index/packages/detection_node_cpp
[44.443s] -- Installing: /home/auto/detection_node_cpp/install/detection_node_cpp/share/detection_node_cpp/cmake/detection_node_cppConfig.cmake
[44.444s] -- Installing: /home/auto/detection_node_cpp/install/detection_node_cpp/share/detection_node_cpp/cmake/detection_node_cppConfig-version.cmake
[44.444s] -- Installing: /home/auto/detection_node_cpp/install/detection_node_cpp/share/detection_node_cpp/package.xml
[44.458s] Invoked command in '/home/auto/detection_node_cpp/build/detection_node_cpp' returned '0': CMAKE_PREFIX_PATH=${CMAKE_PREFIX_PATH}:/home/auto/ros2_ws/install/position_detection:/home/auto/ros2_ws/install/detection_node /usr/bin/cmake --install /home/auto/detection_node_cpp/build/detection_node_cpp
